<?xml version="1.0" encoding="utf-8"?><testsuites><testsuite name="pytest" errors="0" failures="0" skipped="0" tests="3" time="0.117" timestamp="2026-05-17T17:33:58.602863" hostname="LAPTOP-NO51IL0G"><testcase classname="test_calculateDivision.TestCalculateDivision" name="test_division" time="0.003" /><testcase classname="test_calculateDivision.TestCalculateDivision" name="test_division_by_zero" time="0.001" /><testcase classname="test_calculateDivision.TestCalculateDivision" name="test_invalid_input" time="0.001" /></testsuite></testsuites>